0 info it worked if it ends with ok
1 verbose cli [ '/usr/bin/nodejs', '/usr/bin/npm', 'run', 'rundb' ]
2 info using npm@4.1.2
3 info using node@v7.6.0
4 verbose run-script [ 'prerundb', 'rundb', 'postrundb' ]
5 info lifecycle rdm-device-reg-service@0.0.1~prerundb: rdm-device-reg-service@0.0.1
6 silly lifecycle rdm-device-reg-service@0.0.1~prerundb: no script for prerundb, continuing
7 info lifecycle rdm-device-reg-service@0.0.1~rundb: rdm-device-reg-service@0.0.1
8 verbose lifecycle rdm-device-reg-service@0.0.1~rundb: unsafe-perm in lifecycle true
9 verbose lifecycle rdm-device-reg-service@0.0.1~rundb: PATH: /usr/lib/node_modules/npm/bin/node-gyp-bin:/home/bhumika/rdm-device-inv-reg-service/node_modules/.bin:/usr/local/sbin:/usr/local/bin:/usr/sbin:/usr/bin:/sbin:/bin:/usr/games:/usr/local/games:/snap/bin:/usr/lib/jvm/java-8-oracle/bin:/usr/lib/jvm/java-8-oracle/db/bin:/usr/lib/jvm/java-8-oracle/jre/bin
10 verbose lifecycle rdm-device-reg-service@0.0.1~rundb: CWD: /home/bhumika/rdm-device-inv-reg-service
11 silly lifecycle rdm-device-reg-service@0.0.1~rundb: Args: [ '-c', './database/db.js' ]
12 silly lifecycle rdm-device-reg-service@0.0.1~rundb: Returned: code: 126  signal: null
13 info lifecycle rdm-device-reg-service@0.0.1~rundb: Failed to exec rundb script
14 verbose stack Error: rdm-device-reg-service@0.0.1 rundb: `./database/db.js`
14 verbose stack Exit status 126
14 verbose stack     at EventEmitter.<anonymous> (/usr/lib/node_modules/npm/lib/utils/lifecycle.js:279:16)
14 verbose stack     at emitTwo (events.js:106:13)
14 verbose stack     at EventEmitter.emit (events.js:192:7)
14 verbose stack     at ChildProcess.<anonymous> (/usr/lib/node_modules/npm/lib/utils/spawn.js:40:14)
14 verbose stack     at emitTwo (events.js:106:13)
14 verbose stack     at ChildProcess.emit (events.js:192:7)
14 verbose stack     at maybeClose (internal/child_process.js:890:16)
14 verbose stack     at Process.ChildProcess._handle.onexit (internal/child_process.js:226:5)
15 verbose pkgid rdm-device-reg-service@0.0.1
16 verbose cwd /home/bhumika/rdm-device-inv-reg-service
17 error Linux 4.4.0-66-generic
18 error argv "/usr/bin/nodejs" "/usr/bin/npm" "run" "rundb"
19 error node v7.6.0
20 error npm  v4.1.2
21 error code ELIFECYCLE
22 error rdm-device-reg-service@0.0.1 rundb: `./database/db.js`
22 error Exit status 126
23 error Failed at the rdm-device-reg-service@0.0.1 rundb script './database/db.js'.
23 error Make sure you have the latest version of node.js and npm installed.
23 error If you do, this is most likely a problem with the rdm-device-reg-service package,
23 error not with npm itself.
23 error Tell the author that this fails on your system:
23 error     ./database/db.js
23 error You can get information on how to open an issue for this project with:
23 error     npm bugs rdm-device-reg-service
23 error Or if that isn't available, you can get their info via:
23 error     npm owner ls rdm-device-reg-service
23 error There is likely additional logging output above.
24 verbose exit [ 1, true ]
